Name                                                 Stmts   Miss  Cover   Missing
----------------------------------------------------------------------------------
src/henrri_connect/__init__.py                           2      0   100%
src/henrri_connect/companies/__init__.py                 5      0   100%
src/henrri_connect/companies/asynchro.py                13      0   100%
src/henrri_connect/companies/synchro.py                 12      0   100%
src/henrri_connect/connect/__init__.py                   6      0   100%
src/henrri_connect/connect/asynchro.py                 110     22    80%   96-102, 188-201, 227, 247, 282-283, 286, 289
src/henrri_connect/connect/synchro.py                  110     12    89%   97-103, 248, 283-284, 287, 290
src/henrri_connect/customers/__init__.py                 6      0   100%
src/henrri_connect/customers/asynchro.py                55     11    80%   93-102, 188-193, 262-263, 277-282
src/henrri_connect/customers/synchro.py                 55     12    78%   93-102, 157-162, 262-263, 277-282
src/henrri_connect/document_line_types/__init__.py       5      0   100%
src/henrri_connect/document_line_types/asynchro.py      10      0   100%
src/henrri_connect/document_line_types/synchro.py       10      0   100%
src/henrri_connect/document_lines/__init__.py            5      0   100%
src/henrri_connect/document_lines/asynchro.py           25      6    76%   59, 101-102, 116-121, 148
src/henrri_connect/document_lines/synchro.py            25      1    96%   58
src/henrri_connect/document_types/__init__.py            5      0   100%
src/henrri_connect/document_types/asynchro.py           10      0   100%
src/henrri_connect/document_types/synchro.py            10      0   100%
src/henrri_connect/documents/__init__.py                 5      0   100%
src/henrri_connect/documents/asynchro.py                66     12    82%   132-138, 165, 177-178, 191-196, 248-249
src/henrri_connect/documents/synchro.py                 66     14    79%   139-145, 242-243, 255-256, 305-306, 327-333
src/henrri_connect/exc/__init__.py                      13      0   100%
src/henrri_connect/item_categories/__init__.py           4      0   100%
src/henrri_connect/item_categories/asynchro.py          12      0   100%
src/henrri_connect/item_categories/synchro.py           12      0   100%
src/henrri_connect/items/__init__.py                     5      0   100%
src/henrri_connect/items/asynchro.py                    36     14    61%   87-96, 114-119, 145-150, 174-175, 187-191
src/henrri_connect/items/synchro.py                     36      5    86%   87-96
src/henrri_connect/models/__init__.py                   16      0   100%
src/henrri_connect/models/address_contacts.py           22      0   100%
src/henrri_connect/models/authentication.py             20      0   100%
src/henrri_connect/models/base/__init__.py               3      0   100%
src/henrri_connect/models/base/enums.py                 71      0   100%
src/henrri_connect/models/base/models.py                18      0   100%
src/henrri_connect/models/base/responses.py             23      0   100%
src/henrri_connect/models/company.py                    16      0   100%
src/henrri_connect/models/customer.py                   41      0   100%
src/henrri_connect/models/document.py                   81      0   100%
src/henrri_connect/models/document_line.py              82     11    87%   128-129, 138-139, 148-149, 158-159, 168-170
src/henrri_connect/models/items.py                      52      0   100%
src/henrri_connect/models/payments.py                   21      0   100%
src/henrri_connect/models/pdf.py                         7      0   100%
src/henrri_connect/models/stats.py                      15      0   100%
src/henrri_connect/models/units.py                       7      0   100%
src/henrri_connect/models/users.py                      24      0   100%
src/henrri_connect/revenues/__init__.py                  5      0   100%
src/henrri_connect/revenues/asynchro.py                 13      0   100%
src/henrri_connect/revenues/synchro.py                  13      0   100%
src/henrri_connect/secures/__init__.py                   4      0   100%
src/henrri_connect/secures/asynchro.py                   9      0   100%
src/henrri_connect/secures/synchro.py                    9      0   100%
src/henrri_connect/units/__init__.py                     5      0   100%
src/henrri_connect/units/asynchro.py                    16      2    88%   61-66
src/henrri_connect/units/synchro.py                     16      0   100%
src/henrri_connect/users/__init__.py                     5      0   100%
src/henrri_connect/users/asynchro.py                    25      3    88%   63-64, 83
src/henrri_connect/users/synchro.py                     25      1    96%   83
src/henrri_connect/utils.py                             38      1    97%   67
tests/__init__.py                                        0      0   100%
tests/conftest.py                                       60      0   100%
tests/test_companies.py                                 29      0   100%
tests/test_connect.py                                   76      0   100%
tests/test_connect_auth.py                              71      0   100%
tests/test_customers.py                                105      0   100%
tests/test_customers_asynchro_extra.py                  42      0   100%
tests/test_document_line_types.py                       20      0   100%
tests/test_document_lines.py                            59      0   100%
tests/test_document_types.py                            20      0   100%
tests/test_documents.py                                110      0   100%
tests/test_documents_asynchro_extra.py                  54      0   100%
tests/test_item_categories.py                           36      0   100%
tests/test_items.py                                     72      0   100%
tests/test_revenues.py                                  29      0   100%
tests/test_secures.py                                   19      0   100%
tests/test_units.py                                     36      0   100%
tests/test_users.py                                     41      0   100%
tests/test_utils_raise_for_status.py                    26      0   100%
----------------------------------------------------------------------------------
TOTAL                                                 2341    127    95%
